2024-11-26T07:13:50.346-05:00  WARN 17432 --- [SysAlmacenFX] [HikariPool-1 housekeeper] com.zaxxer.hikari.pool.HikariPool        : HikariPool-1 - Thread starvation or clock leap detected (housekeeper delta=10h7m42s827ms925µs700ns).
2024-11-26T07:14:58.696-05:00  WARN 17432 --- [SysAlmacenFX] [HikariPool-1 housekeeper] com.zaxxer.hikari.pool.HikariPool        : HikariPool-1 - Thread starvation or clock leap detected (housekeeper delta=1m11s488ms178µs600ns).
2024-11-26T07:23:36.273-05:00  WARN 17432 --- [SysAlmacenFX] [HikariPool-1 housekeeper] com.zaxxer.hikari.pool.HikariPool        : HikariPool-1 - Thread starvation or clock leap detected (housekeeper delta=2m37s488ms464µs600ns).
2024-11-26T07:33:21.188-05:00  WARN 17432 --- [SysAlmacenFX] [HikariPool-1 housekeeper] com.zaxxer.hikari.pool.HikariPool        : HikariPool-1 - Thread starvation or clock leap detected (housekeeper delta=8m44s883ms975µs400ns).
2024-11-26T07:48:03.690-05:00  INFO 17432 --- [SysAlmacenFX] [SpringApplicationShutdownHook] j.LocalContainerEntityManagerFactoryBean : Closing JPA EntityManagerFactory for persistence unit 'default'
2024-11-26T07:48:03.711-05:00  INFO 17432 --- [SysAlmacenFX] [SpringApplicationShutdownHook] com.zaxxer.hikari.HikariDataSource       : HikariPool-1 - Shutdown initiated...
2024-11-26T07:48:03.717-05:00  INFO 17432 --- [SysAlmacenFX] [SpringApplicationShutdownHook] com.zaxxer.hikari.HikariDataSource       : HikariPool-1 - Shutdown completed.
2024-11-26T08:00:23.913-05:00  INFO 36484 --- [SysAlmacenFX] [JavaFX-Launcher] o.s.boot.SpringApplication               : Starting application using Java 18.0.1.1 with PID 36484 (started by DELL G15 in C:\bas\proyecto\POO-C2-G1-master)
2024-11-26T08:00:23.915-05:00  INFO 36484 --- [SysAlmacenFX] [JavaFX-Launcher] o.s.boot.SpringApplication               : No active profile set, falling back to 1 default profile: "default"
2024-11-26T08:00:24.690-05:00  INFO 36484 --- [SysAlmacenFX] [JavaFX-Launcher] .s.d.r.c.RepositoryConfigurationDelegate : Bootstrapping Spring Data JPA repositories in DEFAULT mode.
2024-11-26T08:00:24.790-05:00  INFO 36484 --- [SysAlmacenFX] [JavaFX-Launcher] .s.d.r.c.RepositoryConfigurationDelegate : Finished Spring Data repository scanning in 90 ms. Found 16 JPA repository interfaces.
2024-11-26T08:00:25.227-05:00  INFO 36484 --- [SysAlmacenFX] [JavaFX-Launcher] o.hibernate.jpa.internal.util.LogHelper  : HHH000204: Processing PersistenceUnitInfo [name: default]
2024-11-26T08:00:25.307-05:00  INFO 36484 --- [SysAlmacenFX] [JavaFX-Launcher] org.hibernate.Version                    : HHH000412: Hibernate ORM core version 6.5.3.Final
2024-11-26T08:00:25.348-05:00  INFO 36484 --- [SysAlmacenFX] [JavaFX-Launcher] o.h.c.internal.RegionFactoryInitiator    : HHH000026: Second-level cache disabled
2024-11-26T08:00:25.716-05:00  INFO 36484 --- [SysAlmacenFX] [JavaFX-Launcher] o.s.o.j.p.SpringPersistenceUnitInfo      : No LoadTimeWeaver setup: ignoring JPA class transformer
2024-11-26T08:00:25.761-05:00  INFO 36484 --- [SysAlmacenFX] [JavaFX-Launcher] com.zaxxer.hikari.HikariDataSource       : HikariPool-1 - Starting...
2024-11-26T08:00:26.121-05:00  INFO 36484 --- [SysAlmacenFX] [JavaFX-Launcher] com.zaxxer.hikari.pool.HikariPool        : HikariPool-1 - Added connection org.sqlite.jdbc4.JDBC4Connection@79c6ffab
2024-11-26T08:00:26.123-05:00  INFO 36484 --- [SysAlmacenFX] [JavaFX-Launcher] com.zaxxer.hikari.HikariDataSource       : HikariPool-1 - Start completed.
2024-11-26T08:00:27.440-05:00  INFO 36484 --- [SysAlmacenFX] [JavaFX-Launcher] o.h.e.t.j.p.i.JtaPlatformInitiator       : HHH000489: No JTA platform available (set 'hibernate.transaction.jta.platform' to enable JTA platform integration)
2024-11-26T08:00:27.486-05:00  INFO 36484 --- [SysAlmacenFX] [JavaFX-Launcher] j.LocalContainerEntityManagerFactoryBean : Initialized JPA EntityManagerFactory for persistence unit 'default'
2024-11-26T08:00:27.942-05:00  INFO 36484 --- [SysAlmacenFX] [JavaFX-Launcher] o.s.d.j.r.query.QueryEnhancerFactory     : Hibernate is in classpath; If applicable, HQL parser will be used.
2024-11-26T08:00:28.174-05:00  INFO 36484 --- [SysAlmacenFX] [JavaFX-Launcher] o.s.boot.SpringApplication               : Started application in 4.92 seconds (process running for 5.685)
2024-11-26T08:00:50.871-05:00  INFO 36484 --- [SysAlmacenFX] [JavaFX Application Thread] j.LocalContainerEntityManagerFactoryBean : Closing JPA EntityManagerFactory for persistence unit 'default'
2024-11-26T08:00:50.874-05:00  INFO 36484 --- [SysAlmacenFX] [JavaFX Application Thread] com.zaxxer.hikari.HikariDataSource       : HikariPool-1 - Shutdown initiated...
2024-11-26T08:00:50.878-05:00  INFO 36484 --- [SysAlmacenFX] [JavaFX Application Thread] com.zaxxer.hikari.HikariDataSource       : HikariPool-1 - Shutdown completed.
2024-11-26T08:06:41.276-05:00  INFO 9660 --- [SysAlmacenFX] [JavaFX-Launcher] o.s.boot.SpringApplication               : Starting application using Java 18.0.1.1 with PID 9660 (started by DELL G15 in C:\bas\proyecto\POO-C2-G1-master)
2024-11-26T08:06:41.282-05:00  INFO 9660 --- [SysAlmacenFX] [JavaFX-Launcher] o.s.boot.SpringApplication               : No active profile set, falling back to 1 default profile: "default"
2024-11-26T08:06:41.886-05:00  INFO 9660 --- [SysAlmacenFX] [JavaFX-Launcher] .s.d.r.c.RepositoryConfigurationDelegate : Bootstrapping Spring Data JPA repositories in DEFAULT mode.
2024-11-26T08:06:41.975-05:00  INFO 9660 --- [SysAlmacenFX] [JavaFX-Launcher] .s.d.r.c.RepositoryConfigurationDelegate : Finished Spring Data repository scanning in 82 ms. Found 16 JPA repository interfaces.
2024-11-26T08:06:42.380-05:00  INFO 9660 --- [SysAlmacenFX] [JavaFX-Launcher] o.hibernate.jpa.internal.util.LogHelper  : HHH000204: Processing PersistenceUnitInfo [name: default]
2024-11-26T08:06:42.432-05:00  INFO 9660 --- [SysAlmacenFX] [JavaFX-Launcher] org.hibernate.Version                    : HHH000412: Hibernate ORM core version 6.5.3.Final
2024-11-26T08:06:42.463-05:00  INFO 9660 --- [SysAlmacenFX] [JavaFX-Launcher] o.h.c.internal.RegionFactoryInitiator    : HHH000026: Second-level cache disabled
2024-11-26T08:06:42.778-05:00  INFO 9660 --- [SysAlmacenFX] [JavaFX-Launcher] o.s.o.j.p.SpringPersistenceUnitInfo      : No LoadTimeWeaver setup: ignoring JPA class transformer
2024-11-26T08:06:42.818-05:00  INFO 9660 --- [SysAlmacenFX] [JavaFX-Launcher] com.zaxxer.hikari.HikariDataSource       : HikariPool-1 - Starting...
2024-11-26T08:06:43.055-05:00  INFO 9660 --- [SysAlmacenFX] [JavaFX-Launcher] com.zaxxer.hikari.pool.HikariPool        : HikariPool-1 - Added connection org.sqlite.jdbc4.JDBC4Connection@b9e7889
2024-11-26T08:06:43.056-05:00  INFO 9660 --- [SysAlmacenFX] [JavaFX-Launcher] com.zaxxer.hikari.HikariDataSource       : HikariPool-1 - Start completed.
2024-11-26T08:06:44.154-05:00  INFO 9660 --- [SysAlmacenFX] [JavaFX-Launcher] o.h.e.t.j.p.i.JtaPlatformInitiator       : HHH000489: No JTA platform available (set 'hibernate.transaction.jta.platform' to enable JTA platform integration)
2024-11-26T08:06:44.188-05:00  INFO 9660 --- [SysAlmacenFX] [JavaFX-Launcher] j.LocalContainerEntityManagerFactoryBean : Initialized JPA EntityManagerFactory for persistence unit 'default'
2024-11-26T08:06:44.578-05:00  INFO 9660 --- [SysAlmacenFX] [JavaFX-Launcher] o.s.d.j.r.query.QueryEnhancerFactory     : Hibernate is in classpath; If applicable, HQL parser will be used.
2024-11-26T08:06:44.807-05:00  INFO 9660 --- [SysAlmacenFX] [JavaFX-Launcher] o.s.boot.SpringApplication               : Started application in 4.133 seconds (process running for 4.917)
2024-11-26T08:07:04.713-05:00  INFO 9660 --- [SysAlmacenFX] [JavaFX Application Thread] j.LocalContainerEntityManagerFactoryBean : Closing JPA EntityManagerFactory for persistence unit 'default'
2024-11-26T08:07:04.719-05:00  INFO 9660 --- [SysAlmacenFX] [JavaFX Application Thread] com.zaxxer.hikari.HikariDataSource       : HikariPool-1 - Shutdown initiated...
2024-11-26T08:07:04.723-05:00  INFO 9660 --- [SysAlmacenFX] [JavaFX Application Thread] com.zaxxer.hikari.HikariDataSource       : HikariPool-1 - Shutdown completed.
2024-11-26T08:08:15.473-05:00  INFO 2692 --- [SysAlmacenFX] [JavaFX-Launcher] o.s.boot.SpringApplication               : Starting application using Java 18.0.1.1 with PID 2692 (started by DELL G15 in C:\bas\proyecto\POO-C2-G1-master)
2024-11-26T08:08:15.475-05:00  INFO 2692 --- [SysAlmacenFX] [JavaFX-Launcher] o.s.boot.SpringApplication               : No active profile set, falling back to 1 default profile: "default"
2024-11-26T08:08:16.093-05:00  INFO 2692 --- [SysAlmacenFX] [JavaFX-Launcher] .s.d.r.c.RepositoryConfigurationDelegate : Bootstrapping Spring Data JPA repositories in DEFAULT mode.
2024-11-26T08:08:16.179-05:00  INFO 2692 --- [SysAlmacenFX] [JavaFX-Launcher] .s.d.r.c.RepositoryConfigurationDelegate : Finished Spring Data repository scanning in 80 ms. Found 16 JPA repository interfaces.
2024-11-26T08:08:16.621-05:00  INFO 2692 --- [SysAlmacenFX] [JavaFX-Launcher] o.hibernate.jpa.internal.util.LogHelper  : HHH000204: Processing PersistenceUnitInfo [name: default]
2024-11-26T08:08:16.680-05:00  INFO 2692 --- [SysAlmacenFX] [JavaFX-Launcher] org.hibernate.Version                    : HHH000412: Hibernate ORM core version 6.5.3.Final
2024-11-26T08:08:16.712-05:00  INFO 2692 --- [SysAlmacenFX] [JavaFX-Launcher] o.h.c.internal.RegionFactoryInitiator    : HHH000026: Second-level cache disabled
2024-11-26T08:08:17.062-05:00  INFO 2692 --- [SysAlmacenFX] [JavaFX-Launcher] o.s.o.j.p.SpringPersistenceUnitInfo      : No LoadTimeWeaver setup: ignoring JPA class transformer
2024-11-26T08:08:17.097-05:00  INFO 2692 --- [SysAlmacenFX] [JavaFX-Launcher] com.zaxxer.hikari.HikariDataSource       : HikariPool-1 - Starting...
2024-11-26T08:08:17.335-05:00  INFO 2692 --- [SysAlmacenFX] [JavaFX-Launcher] com.zaxxer.hikari.pool.HikariPool        : HikariPool-1 - Added connection org.sqlite.jdbc4.JDBC4Connection@41f9455e
2024-11-26T08:08:17.336-05:00  INFO 2692 --- [SysAlmacenFX] [JavaFX-Launcher] com.zaxxer.hikari.HikariDataSource       : HikariPool-1 - Start completed.
2024-11-26T08:08:18.649-05:00  INFO 2692 --- [SysAlmacenFX] [JavaFX-Launcher] o.h.e.t.j.p.i.JtaPlatformInitiator       : HHH000489: No JTA platform available (set 'hibernate.transaction.jta.platform' to enable JTA platform integration)
2024-11-26T08:08:18.685-05:00  INFO 2692 --- [SysAlmacenFX] [JavaFX-Launcher] j.LocalContainerEntityManagerFactoryBean : Initialized JPA EntityManagerFactory for persistence unit 'default'
2024-11-26T08:08:19.117-05:00  INFO 2692 --- [SysAlmacenFX] [JavaFX-Launcher] o.s.d.j.r.query.QueryEnhancerFactory     : Hibernate is in classpath; If applicable, HQL parser will be used.
2024-11-26T08:08:19.381-05:00  INFO 2692 --- [SysAlmacenFX] [JavaFX-Launcher] o.s.boot.SpringApplication               : Started application in 4.48 seconds (process running for 5.16)
2024-11-26T08:08:51.611-05:00  INFO 2692 --- [SysAlmacenFX] [JavaFX Application Thread] j.LocalContainerEntityManagerFactoryBean : Closing JPA EntityManagerFactory for persistence unit 'default'
2024-11-26T08:08:51.614-05:00  INFO 2692 --- [SysAlmacenFX] [JavaFX Application Thread] com.zaxxer.hikari.HikariDataSource       : HikariPool-1 - Shutdown initiated...
2024-11-26T08:08:51.618-05:00  INFO 2692 --- [SysAlmacenFX] [JavaFX Application Thread] com.zaxxer.hikari.HikariDataSource       : HikariPool-1 - Shutdown completed.
2024-11-26T08:13:51.741-05:00  INFO 28476 --- [SysAlmacenFX] [JavaFX-Launcher] o.s.boot.SpringApplication               : Starting application using Java 18.0.1.1 with PID 28476 (started by DELL G15 in C:\bas\proyecto\POO-C2-G1-master)
2024-11-26T08:13:51.744-05:00  INFO 28476 --- [SysAlmacenFX] [JavaFX-Launcher] o.s.boot.SpringApplication               : No active profile set, falling back to 1 default profile: "default"
2024-11-26T08:13:52.340-05:00  INFO 28476 --- [SysAlmacenFX] [JavaFX-Launcher] .s.d.r.c.RepositoryConfigurationDelegate : Bootstrapping Spring Data JPA repositories in DEFAULT mode.
2024-11-26T08:13:52.421-05:00  INFO 28476 --- [SysAlmacenFX] [JavaFX-Launcher] .s.d.r.c.RepositoryConfigurationDelegate : Finished Spring Data repository scanning in 76 ms. Found 16 JPA repository interfaces.
2024-11-26T08:13:52.851-05:00  INFO 28476 --- [SysAlmacenFX] [JavaFX-Launcher] o.hibernate.jpa.internal.util.LogHelper  : HHH000204: Processing PersistenceUnitInfo [name: default]
2024-11-26T08:13:52.905-05:00  INFO 28476 --- [SysAlmacenFX] [JavaFX-Launcher] org.hibernate.Version                    : HHH000412: Hibernate ORM core version 6.5.3.Final
2024-11-26T08:13:52.935-05:00  INFO 28476 --- [SysAlmacenFX] [JavaFX-Launcher] o.h.c.internal.RegionFactoryInitiator    : HHH000026: Second-level cache disabled
2024-11-26T08:13:53.236-05:00  INFO 28476 --- [SysAlmacenFX] [JavaFX-Launcher] o.s.o.j.p.SpringPersistenceUnitInfo      : No LoadTimeWeaver setup: ignoring JPA class transformer
2024-11-26T08:13:53.274-05:00  INFO 28476 --- [SysAlmacenFX] [JavaFX-Launcher] com.zaxxer.hikari.HikariDataSource       : HikariPool-1 - Starting...
2024-11-26T08:13:53.502-05:00  INFO 28476 --- [SysAlmacenFX] [JavaFX-Launcher] com.zaxxer.hikari.pool.HikariPool        : HikariPool-1 - Added connection org.sqlite.jdbc4.JDBC4Connection@7e7b855a
2024-11-26T08:13:53.504-05:00  INFO 28476 --- [SysAlmacenFX] [JavaFX-Launcher] com.zaxxer.hikari.HikariDataSource       : HikariPool-1 - Start completed.
2024-11-26T08:13:54.642-05:00  INFO 28476 --- [SysAlmacenFX] [JavaFX-Launcher] o.h.e.t.j.p.i.JtaPlatformInitiator       : HHH000489: No JTA platform available (set 'hibernate.transaction.jta.platform' to enable JTA platform integration)
2024-11-26T08:13:54.676-05:00  INFO 28476 --- [SysAlmacenFX] [JavaFX-Launcher] j.LocalContainerEntityManagerFactoryBean : Initialized JPA EntityManagerFactory for persistence unit 'default'
2024-11-26T08:13:55.107-05:00  INFO 28476 --- [SysAlmacenFX] [JavaFX-Launcher] o.s.d.j.r.query.QueryEnhancerFactory     : Hibernate is in classpath; If applicable, HQL parser will be used.
2024-11-26T08:13:55.353-05:00  INFO 28476 --- [SysAlmacenFX] [JavaFX-Launcher] o.s.boot.SpringApplication               : Started application in 4.219 seconds (process running for 4.99)
2024-11-26T08:17:34.655-05:00  INFO 28476 --- [SysAlmacenFX] [SpringApplicationShutdownHook] j.LocalContainerEntityManagerFactoryBean : Closing JPA EntityManagerFactory for persistence unit 'default'
2024-11-26T08:17:34.659-05:00  INFO 28476 --- [SysAlmacenFX] [SpringApplicationShutdownHook] com.zaxxer.hikari.HikariDataSource       : HikariPool-1 - Shutdown initiated...
2024-11-26T08:17:34.662-05:00  INFO 28476 --- [SysAlmacenFX] [SpringApplicationShutdownHook] com.zaxxer.hikari.HikariDataSource       : HikariPool-1 - Shutdown completed.
2024-11-26T08:17:41.191-05:00  INFO 19324 --- [SysAlmacenFX] [JavaFX-Launcher] o.s.boot.SpringApplication               : Starting application using Java 18.0.1.1 with PID 19324 (started by DELL G15 in C:\bas\proyecto\POO-C2-G1-master)
2024-11-26T08:17:41.193-05:00  INFO 19324 --- [SysAlmacenFX] [JavaFX-Launcher] o.s.boot.SpringApplication               : No active profile set, falling back to 1 default profile: "default"
2024-11-26T08:17:41.899-05:00  INFO 19324 --- [SysAlmacenFX] [JavaFX-Launcher] .s.d.r.c.RepositoryConfigurationDelegate : Bootstrapping Spring Data JPA repositories in DEFAULT mode.
2024-11-26T08:17:41.987-05:00  INFO 19324 --- [SysAlmacenFX] [JavaFX-Launcher] .s.d.r.c.RepositoryConfigurationDelegate : Finished Spring Data repository scanning in 82 ms. Found 16 JPA repository interfaces.
2024-11-26T08:17:42.428-05:00  INFO 19324 --- [SysAlmacenFX] [JavaFX-Launcher] o.hibernate.jpa.internal.util.LogHelper  : HHH000204: Processing PersistenceUnitInfo [name: default]
2024-11-26T08:17:42.515-05:00  INFO 19324 --- [SysAlmacenFX] [JavaFX-Launcher] org.hibernate.Version                    : HHH000412: Hibernate ORM core version 6.5.3.Final
2024-11-26T08:17:42.556-05:00  INFO 19324 --- [SysAlmacenFX] [JavaFX-Launcher] o.h.c.internal.RegionFactoryInitiator    : HHH000026: Second-level cache disabled
2024-11-26T08:17:42.914-05:00  INFO 19324 --- [SysAlmacenFX] [JavaFX-Launcher] o.s.o.j.p.SpringPersistenceUnitInfo      : No LoadTimeWeaver setup: ignoring JPA class transformer
2024-11-26T08:17:42.948-05:00  INFO 19324 --- [SysAlmacenFX] [JavaFX-Launcher] com.zaxxer.hikari.HikariDataSource       : HikariPool-1 - Starting...
2024-11-26T08:17:43.239-05:00  INFO 19324 --- [SysAlmacenFX] [JavaFX-Launcher] com.zaxxer.hikari.pool.HikariPool        : HikariPool-1 - Added connection org.sqlite.jdbc4.JDBC4Connection@25d8f0d3
2024-11-26T08:17:43.241-05:00  INFO 19324 --- [SysAlmacenFX] [JavaFX-Launcher] com.zaxxer.hikari.HikariDataSource       : HikariPool-1 - Start completed.
2024-11-26T08:17:44.561-05:00  INFO 19324 --- [SysAlmacenFX] [JavaFX-Launcher] o.h.e.t.j.p.i.JtaPlatformInitiator       : HHH000489: No JTA platform available (set 'hibernate.transaction.jta.platform' to enable JTA platform integration)
2024-11-26T08:17:44.607-05:00  INFO 19324 --- [SysAlmacenFX] [JavaFX-Launcher] j.LocalContainerEntityManagerFactoryBean : Initialized JPA EntityManagerFactory for persistence unit 'default'
2024-11-26T08:17:45.022-05:00  INFO 19324 --- [SysAlmacenFX] [JavaFX-Launcher] o.s.d.j.r.query.QueryEnhancerFactory     : Hibernate is in classpath; If applicable, HQL parser will be used.
2024-11-26T08:17:45.278-05:00  INFO 19324 --- [SysAlmacenFX] [JavaFX-Launcher] o.s.boot.SpringApplication               : Started application in 4.721 seconds (process running for 5.492)
2024-11-26T08:42:31.645-05:00  INFO 19324 --- [SysAlmacenFX] [SpringApplicationShutdownHook] j.LocalContainerEntityManagerFactoryBean : Closing JPA EntityManagerFactory for persistence unit 'default'
2024-11-26T08:42:31.648-05:00  INFO 19324 --- [SysAlmacenFX] [SpringApplicationShutdownHook] com.zaxxer.hikari.HikariDataSource       : HikariPool-1 - Shutdown initiated...
2024-11-26T08:42:31.661-05:00  INFO 19324 --- [SysAlmacenFX] [SpringApplicationShutdownHook] com.zaxxer.hikari.HikariDataSource       : HikariPool-1 - Shutdown completed.
2024-11-26T08:42:37.014-05:00  INFO 20008 --- [SysAlmacenFX] [JavaFX-Launcher] o.s.boot.SpringApplication               : Starting application using Java 18.0.1.1 with PID 20008 (started by DELL G15 in C:\bas\proyecto\POO-C2-G1-master)
2024-11-26T08:42:37.018-05:00  INFO 20008 --- [SysAlmacenFX] [JavaFX-Launcher] o.s.boot.SpringApplication               : No active profile set, falling back to 1 default profile: "default"
2024-11-26T08:42:37.669-05:00  INFO 20008 --- [SysAlmacenFX] [JavaFX-Launcher] .s.d.r.c.RepositoryConfigurationDelegate : Bootstrapping Spring Data JPA repositories in DEFAULT mode.
2024-11-26T08:42:37.759-05:00  INFO 20008 --- [SysAlmacenFX] [JavaFX-Launcher] .s.d.r.c.RepositoryConfigurationDelegate : Finished Spring Data repository scanning in 82 ms. Found 16 JPA repository interfaces.
2024-11-26T08:42:38.188-05:00  INFO 20008 --- [SysAlmacenFX] [JavaFX-Launcher] o.hibernate.jpa.internal.util.LogHelper  : HHH000204: Processing PersistenceUnitInfo [name: default]
2024-11-26T08:42:38.272-05:00  INFO 20008 --- [SysAlmacenFX] [JavaFX-Launcher] org.hibernate.Version                    : HHH000412: Hibernate ORM core version 6.5.3.Final
2024-11-26T08:42:38.311-05:00  INFO 20008 --- [SysAlmacenFX] [JavaFX-Launcher] o.h.c.internal.RegionFactoryInitiator    : HHH000026: Second-level cache disabled
2024-11-26T08:42:38.665-05:00  INFO 20008 --- [SysAlmacenFX] [JavaFX-Launcher] o.s.o.j.p.SpringPersistenceUnitInfo      : No LoadTimeWeaver setup: ignoring JPA class transformer
2024-11-26T08:42:38.705-05:00  INFO 20008 --- [SysAlmacenFX] [JavaFX-Launcher] com.zaxxer.hikari.HikariDataSource       : HikariPool-1 - Starting...
2024-11-26T08:42:38.924-05:00  INFO 20008 --- [SysAlmacenFX] [JavaFX-Launcher] com.zaxxer.hikari.pool.HikariPool        : HikariPool-1 - Added connection org.sqlite.jdbc4.JDBC4Connection@6d09306d
2024-11-26T08:42:38.925-05:00  INFO 20008 --- [SysAlmacenFX] [JavaFX-Launcher] com.zaxxer.hikari.HikariDataSource       : HikariPool-1 - Start completed.
2024-11-26T08:42:40.204-05:00  INFO 20008 --- [SysAlmacenFX] [JavaFX-Launcher] o.h.e.t.j.p.i.JtaPlatformInitiator       : HHH000489: No JTA platform available (set 'hibernate.transaction.jta.platform' to enable JTA platform integration)
2024-11-26T08:42:40.259-05:00  INFO 20008 --- [SysAlmacenFX] [JavaFX-Launcher] j.LocalContainerEntityManagerFactoryBean : Initialized JPA EntityManagerFactory for persistence unit 'default'
2024-11-26T08:42:40.663-05:00  INFO 20008 --- [SysAlmacenFX] [JavaFX-Launcher] o.s.d.j.r.query.QueryEnhancerFactory     : Hibernate is in classpath; If applicable, HQL parser will be used.
2024-11-26T08:42:40.941-05:00  INFO 20008 --- [SysAlmacenFX] [JavaFX-Launcher] o.s.boot.SpringApplication               : Started application in 4.505 seconds (process running for 5.206)
2024-11-26T08:57:29.381-05:00  INFO 20008 --- [SysAlmacenFX] [SpringApplicationShutdownHook] j.LocalContainerEntityManagerFactoryBean : Closing JPA EntityManagerFactory for persistence unit 'default'
2024-11-26T08:57:29.385-05:00  INFO 20008 --- [SysAlmacenFX] [SpringApplicationShutdownHook] com.zaxxer.hikari.HikariDataSource       : HikariPool-1 - Shutdown initiated...
2024-11-26T08:57:29.390-05:00  INFO 20008 --- [SysAlmacenFX] [SpringApplicationShutdownHook] com.zaxxer.hikari.HikariDataSource       : HikariPool-1 - Shutdown completed.
2024-11-26T09:18:00.122-05:00  INFO 3880 --- [SysAlmacenFX] [JavaFX-Launcher] o.s.boot.SpringApplication               : Starting application using Java 18.0.1.1 with PID 3880 (started by DELL G15 in C:\bas\proyecto\POO-C2-G1-master)
2024-11-26T09:18:00.125-05:00  INFO 3880 --- [SysAlmacenFX] [JavaFX-Launcher] o.s.boot.SpringApplication               : No active profile set, falling back to 1 default profile: "default"
2024-11-26T09:18:00.767-05:00  INFO 3880 --- [SysAlmacenFX] [JavaFX-Launcher] .s.d.r.c.RepositoryConfigurationDelegate : Bootstrapping Spring Data JPA repositories in DEFAULT mode.
2024-11-26T09:18:00.861-05:00  INFO 3880 --- [SysAlmacenFX] [JavaFX-Launcher] .s.d.r.c.RepositoryConfigurationDelegate : Finished Spring Data repository scanning in 87 ms. Found 16 JPA repository interfaces.
2024-11-26T09:18:01.309-05:00  INFO 3880 --- [SysAlmacenFX] [JavaFX-Launcher] o.hibernate.jpa.internal.util.LogHelper  : HHH000204: Processing PersistenceUnitInfo [name: default]
2024-11-26T09:18:01.390-05:00  INFO 3880 --- [SysAlmacenFX] [JavaFX-Launcher] org.hibernate.Version                    : HHH000412: Hibernate ORM core version 6.5.3.Final
2024-11-26T09:18:01.430-05:00  INFO 3880 --- [SysAlmacenFX] [JavaFX-Launcher] o.h.c.internal.RegionFactoryInitiator    : HHH000026: Second-level cache disabled
2024-11-26T09:18:01.794-05:00  INFO 3880 --- [SysAlmacenFX] [JavaFX-Launcher] o.s.o.j.p.SpringPersistenceUnitInfo      : No LoadTimeWeaver setup: ignoring JPA class transformer
2024-11-26T09:18:01.834-05:00  INFO 3880 --- [SysAlmacenFX] [JavaFX-Launcher] com.zaxxer.hikari.HikariDataSource       : HikariPool-1 - Starting...
2024-11-26T09:18:02.049-05:00  INFO 3880 --- [SysAlmacenFX] [JavaFX-Launcher] com.zaxxer.hikari.pool.HikariPool        : HikariPool-1 - Added connection org.sqlite.jdbc4.JDBC4Connection@25d8f0d3
2024-11-26T09:18:02.050-05:00  INFO 3880 --- [SysAlmacenFX] [JavaFX-Launcher] com.zaxxer.hikari.HikariDataSource       : HikariPool-1 - Start completed.
2024-11-26T09:18:03.373-05:00  INFO 3880 --- [SysAlmacenFX] [JavaFX-Launcher] o.h.e.t.j.p.i.JtaPlatformInitiator       : HHH000489: No JTA platform available (set 'hibernate.transaction.jta.platform' to enable JTA platform integration)
2024-11-26T09:18:03.414-05:00  INFO 3880 --- [SysAlmacenFX] [JavaFX-Launcher] j.LocalContainerEntityManagerFactoryBean : Initialized JPA EntityManagerFactory for persistence unit 'default'
2024-11-26T09:18:03.824-05:00  INFO 3880 --- [SysAlmacenFX] [JavaFX-Launcher] o.s.d.j.r.query.QueryEnhancerFactory     : Hibernate is in classpath; If applicable, HQL parser will be used.
2024-11-26T09:18:04.055-05:00  INFO 3880 --- [SysAlmacenFX] [JavaFX-Launcher] o.s.boot.SpringApplication               : Started application in 4.494 seconds (process running for 5.265)
2024-11-26T09:18:41.813-05:00  INFO 3880 --- [SysAlmacenFX] [SpringApplicationShutdownHook] j.LocalContainerEntityManagerFactoryBean : Closing JPA EntityManagerFactory for persistence unit 'default'
2024-11-26T09:18:41.817-05:00  INFO 3880 --- [SysAlmacenFX] [SpringApplicationShutdownHook] com.zaxxer.hikari.HikariDataSource       : HikariPool-1 - Shutdown initiated...
2024-11-26T09:18:41.821-05:00  INFO 3880 --- [SysAlmacenFX] [SpringApplicationShutdownHook] com.zaxxer.hikari.HikariDataSource       : HikariPool-1 - Shutdown completed.
2024-11-26T09:26:07.477-05:00  INFO 10180 --- [SysAlmacenFX] [JavaFX-Launcher] o.s.boot.SpringApplication               : Starting application using Java 18.0.1.1 with PID 10180 (started by DELL G15 in C:\bas\proyecto\POO-C2-G1-master)
2024-11-26T09:26:07.481-05:00  INFO 10180 --- [SysAlmacenFX] [JavaFX-Launcher] o.s.boot.SpringApplication               : No active profile set, falling back to 1 default profile: "default"
2024-11-26T09:26:08.174-05:00  INFO 10180 --- [SysAlmacenFX] [JavaFX-Launcher] .s.d.r.c.RepositoryConfigurationDelegate : Bootstrapping Spring Data JPA repositories in DEFAULT mode.
2024-11-26T09:26:08.264-05:00  INFO 10180 --- [SysAlmacenFX] [JavaFX-Launcher] .s.d.r.c.RepositoryConfigurationDelegate : Finished Spring Data repository scanning in 84 ms. Found 16 JPA repository interfaces.
2024-11-26T09:26:08.666-05:00  INFO 10180 --- [SysAlmacenFX] [JavaFX-Launcher] o.hibernate.jpa.internal.util.LogHelper  : HHH000204: Processing PersistenceUnitInfo [name: default]
2024-11-26T09:26:08.726-05:00  INFO 10180 --- [SysAlmacenFX] [JavaFX-Launcher] org.hibernate.Version                    : HHH000412: Hibernate ORM core version 6.5.3.Final
2024-11-26T09:26:08.763-05:00  INFO 10180 --- [SysAlmacenFX] [JavaFX-Launcher] o.h.c.internal.RegionFactoryInitiator    : HHH000026: Second-level cache disabled
2024-11-26T09:26:09.086-05:00  INFO 10180 --- [SysAlmacenFX] [JavaFX-Launcher] o.s.o.j.p.SpringPersistenceUnitInfo      : No LoadTimeWeaver setup: ignoring JPA class transformer
2024-11-26T09:26:09.116-05:00  INFO 10180 --- [SysAlmacenFX] [JavaFX-Launcher] com.zaxxer.hikari.HikariDataSource       : HikariPool-1 - Starting...
2024-11-26T09:26:09.323-05:00  INFO 10180 --- [SysAlmacenFX] [JavaFX-Launcher] com.zaxxer.hikari.pool.HikariPool        : HikariPool-1 - Added connection org.sqlite.jdbc4.JDBC4Connection@45d50155
2024-11-26T09:26:09.325-05:00  INFO 10180 --- [SysAlmacenFX] [JavaFX-Launcher] com.zaxxer.hikari.HikariDataSource       : HikariPool-1 - Start completed.
2024-11-26T09:26:10.485-05:00  INFO 10180 --- [SysAlmacenFX] [JavaFX-Launcher] o.h.e.t.j.p.i.JtaPlatformInitiator       : HHH000489: No JTA platform available (set 'hibernate.transaction.jta.platform' to enable JTA platform integration)
2024-11-26T09:26:10.522-05:00  INFO 10180 --- [SysAlmacenFX] [JavaFX-Launcher] j.LocalContainerEntityManagerFactoryBean : Initialized JPA EntityManagerFactory for persistence unit 'default'
2024-11-26T09:26:10.931-05:00  INFO 10180 --- [SysAlmacenFX] [JavaFX-Launcher] o.s.d.j.r.query.QueryEnhancerFactory     : Hibernate is in classpath; If applicable, HQL parser will be used.
2024-11-26T09:26:11.146-05:00  INFO 10180 --- [SysAlmacenFX] [JavaFX-Launcher] o.s.boot.SpringApplication               : Started application in 4.428 seconds (process running for 5.41)
2024-11-26T09:32:26.649-05:00  WARN 10180 --- [SysAlmacenFX] [HikariPool-1 housekeeper] com.zaxxer.hikari.pool.HikariPool        : HikariPool-1 - Thread starvation or clock leap detected (housekeeper delta=2m47s154ms153µs900ns).
2024-11-26T09:35:33.377-05:00  INFO 10180 --- [SysAlmacenFX] [JavaFX Application Thread] j.LocalContainerEntityManagerFactoryBean : Closing JPA EntityManagerFactory for persistence unit 'default'
2024-11-26T09:35:33.380-05:00  INFO 10180 --- [SysAlmacenFX] [JavaFX Application Thread] com.zaxxer.hikari.HikariDataSource       : HikariPool-1 - Shutdown initiated...
2024-11-26T09:35:33.383-05:00  INFO 10180 --- [SysAlmacenFX] [JavaFX Application Thread] com.zaxxer.hikari.HikariDataSource       : HikariPool-1 - Shutdown completed.
